#
# There is insufficient memory for the Java Runtime Environment to continue.
# Native memory allocation (malloc) failed to allocate 32744 bytes. Error detail: Chunk::new
# Possible reasons:
#   The system is out of physical RAM or swap space
#   This process is running with CompressedOops enabled, and the Java Heap may be blocking the growth of the native heap
# Possible solutions:
#   Reduce memory load on the system
#   Increase physical memory or swap space
#   Check if swap backing store is full
#   Decrease Java heap size (-Xmx/-Xms)
#   Decrease number of Java threads
#   Decrease Java thread stack sizes (-Xss)
#   Set larger code cache with -XX:ReservedCodeCacheSize=
#   JVM is running with Unscaled Compressed Oops mode in which the Java heap is
#     placed in the first 4GB address space. The Java Heap base address is the
#     maximum limit for the native heap growth. Please use -XX:HeapBaseMinAddress
#     to set the Java Heap base and to place the Java Heap above 4GB virtual address.
# This output file may be truncated or incomplete.
#
#  Out of Memory Error (arena.cpp:168), pid=22704, tid=24772
#
# JRE version: OpenJDK Runtime Environment Temurin-21.0.10+7 (21.0.10+7) (build 21.0.10+7-LTS)
# Java VM: OpenJDK 64-Bit Server VM Temurin-21.0.10+7 (21.0.10+7-LTS, mixed mode, sharing, tiered, compressed oops, compressed class ptrs, parallel gc, windows-amd64)
# No core dump will be written. Minidumps are not enabled by default on client versions of Windows
#

---------------  S U M M A R Y ------------

Command Line: --add-modules=ALL-SYSTEM --add-opens=java.base/java.util=ALL-UNNAMED --add-opens=java.base/java.lang=ALL-UNNAMED --add-opens=java.base/sun.nio.fs=ALL-UNNAMED -Declipse.application=org.eclipse.jdt.ls.core.id1 -Dosgi.bundles.defaultStartLevel=4 -Declipse.product=org.eclipse.jdt.ls.core.product -Djava.import.generatesMetadataFilesAtProjectRoot=false -DDetectVMInstallationsJob.disabled=true -Dfile.encoding=utf8 -XX:+UseParallelGC -XX:GCTimeRatio=4 -XX:AdaptiveSizePolicyWeight=90 -Dsun.zip.disableMemoryMapping=true -Xmx2G -Xms100m -Xlog:disable -javaagent:c:\Users\hp\.windsurf\extensions\redhat.java-1.53.0-win32-x64\lombok\lombok-1.18.39-4050.jar -XX:+HeapDumpOnOutOfMemoryError -XX:HeapDumpPath=c:\Users\hp\AppData\Roaming\Windsurf\User\workspaceStorage\196111a345860ccee2e9f95de4c2a9fc\redhat.java -Daether.dependencyCollector.impl=bf c:\Users\hp\.windsurf\extensions\redhat.java-1.53.0-win32-x64\server\plugins\org.eclipse.equinox.launcher_1.7.100.v20251111-0406.jar -configuration c:\Users\hp\AppData\Roaming\Windsurf\User\globalStorage\redhat.java\1.53.0\config_win -data c:\Users\hp\AppData\Roaming\Windsurf\User\workspaceStorage\196111a345860ccee2e9f95de4c2a9fc\redhat.java\jdt_ws --pipe=\\.\pipe\lsp-2b9ab1643ec7d6b6c57f55e05dbab8a3-sock

Host: 11th Gen Intel(R) Core(TM) i5-1135G7 @ 2.40GHz, 8 cores, 15G,  Windows 11 , 64 bit Build 26100 (10.0.26100.8115)
Time: Sat Apr  4 12:42:03 2026 E. Africa Standard Time elapsed time: 65.717365 seconds (0d 0h 1m 5s)

---------------  T H R E A D  ---------------

Current thread (0x000001ca4ffc2a30):  JavaThread "C2 CompilerThread0" daemon [_thread_in_native, id=24772, stack(0x00000083b7400000,0x00000083b7500000) (1024K)]


Current CompileTask:
C2:65717 2707       4       java.io.DataInputStream::readFully (59 bytes)

Stack: [0x00000083b7400000,0x00000083b7500000]
Native frames: (J=compiled Java code, j=interpreted, Vv=VM code, C=native code)
V  [jvm.dll+0x6d7a39]
V  [jvm.dll+0x8b4b26]
V  [jvm.dll+0x8b70de]
V  [jvm.dll+0x8b77c3]
V  [jvm.dll+0x284346]
V  [jvm.dll+0xc66ed]
V  [jvm.dll+0xc6c31]
V  [jvm.dll+0x65f8dd]
V  [jvm.dll+0x65fa6b]
V  [jvm.dll+0x66573b]
V  [jvm.dll+0x666736]
V  [jvm.dll+0x664a7b]
V  [jvm.dll+0x24c3db]
V  [jvm.dll+0x24bb40]
V  [jvm.dll+0x1cb34e]
V  [jvm.dll+0x25b85d]
V  [jvm.dll+0x259dea]
V  [jvm.dll+0x3f857e]
V  [jvm.dll+0x85f59d]
V  [jvm.dll+0x6d626d]
C  [ucrtbase.dll+0x37b0]
C  [KERNEL32.DLL+0x2e8d7]
C  [ntdll.dll+0x8c3fc]


---------------  P R O C E S S  ---------------

Threads class SMR info:
_java_thread_list=0x000001ca68e73850, length=19, elements={
0x000001ca500403f0, 0x000001ca500fd7e0, 0x000001ca500fe950, 0x000001ca4ffba3a0,
0x000001ca4ffbb3b0, 0x000001ca4ffbde20, 0x000001ca4ffbe880, 0x000001ca4ffc2a30,
0x000001ca682a2940, 0x000001ca6848e930, 0x000001ca6859e0e0, 0x000001ca68826380,
0x000001ca68823590, 0x000001ca68823c20, 0x000001ca68824940, 0x000001ca688242b0,
0x000001ca68825cf0, 0x000001ca68db7ac0, 0x000001ca68db8860
}

Java Threads: ( => current thread )
  0x000001ca500403f0 JavaThread "main"                              [_thread_blocked, id=23196, stack(0x00000083b6a00000,0x00000083b6b00000) (1024K)]
  0x000001ca500fd7e0 JavaThread "Reference Handler"          daemon [_thread_blocked, id=16068, stack(0x00000083b6e00000,0x00000083b6f00000) (1024K)]
  0x000001ca500fe950 JavaThread "Finalizer"                  daemon [_thread_blocked, id=23996, stack(0x00000083b6f00000,0x00000083b7000000) (1024K)]
  0x000001ca4ffba3a0 JavaThread "Signal Dispatcher"          daemon [_thread_blocked, id=24068, stack(0x00000083b7000000,0x00000083b7100000) (1024K)]
  0x000001ca4ffbb3b0 JavaThread "Attach Listener"            daemon [_thread_blocked, id=24072, stack(0x00000083b7100000,0x00000083b7200000) (1024K)]
  0x000001ca4ffbde20 JavaThread "Service Thread"             daemon [_thread_blocked, id=6668, stack(0x00000083b7200000,0x00000083b7300000) (1024K)]
  0x000001ca4ffbe880 JavaThread "Monitor Deflation Thread"   daemon [_thread_blocked, id=22160, stack(0x00000083b7300000,0x00000083b7400000) (1024K)]
=>0x000001ca4ffc2a30 JavaThread "C2 CompilerThread0"         daemon [_thread_in_native, id=24772, stack(0x00000083b7400000,0x00000083b7500000) (1024K)]
  0x000001ca682a2940 JavaThread "C1 CompilerThread0"         daemon [_thread_blocked, id=23556, stack(0x00000083b7500000,0x00000083b7600000) (1024K)]
  0x000001ca6848e930 JavaThread "Common-Cleaner"             daemon [_thread_blocked, id=4072, stack(0x00000083b7700000,0x00000083b7800000) (1024K)]
  0x000001ca6859e0e0 JavaThread "Notification Thread"        daemon [_thread_blocked, id=2940, stack(0x00000083b7600000,0x00000083b7700000) (1024K)]
  0x000001ca68826380 JavaThread "Active Thread: Equinox Container: 911d45bf-fee5-4670-8201-79a9585d6149"        [_thread_blocked, id=3708, stack(0x00000083b7800000,0x00000083b7900000) (1024K)]
  0x000001ca68823590 JavaThread "Refresh Thread: Equinox Container: 911d45bf-fee5-4670-8201-79a9585d6149" daemon [_thread_blocked, id=25304, stack(0x00000083b8000000,0x00000083b8100000) (1024K)]
  0x000001ca68823c20 JavaThread "Framework Event Dispatcher: Equinox Container: 911d45bf-fee5-4670-8201-79a9585d6149" daemon [_thread_blocked, id=17064, stack(0x00000083b8100000,0x00000083b8200000) (1024K)]
  0x000001ca68824940 JavaThread "Start Level: Equinox Container: 911d45bf-fee5-4670-8201-79a9585d6149" daemon [_thread_in_Java, id=20232, stack(0x00000083b8200000,0x00000083b8300000) (1024K)]
  0x000001ca688242b0 JavaThread "Bundle File Closer"         daemon [_thread_blocked, id=19936, stack(0x00000083b8500000,0x00000083b8600000) (1024K)]
  0x000001ca68825cf0 JavaThread "SCR Component Actor"        daemon [_thread_blocked, id=21948, stack(0x00000083b8300000,0x00000083b8400000) (1024K)]
  0x000001ca68db7ac0 JavaThread "C2 CompilerThread1"         daemon [_thread_blocked, id=23596, stack(0x00000083b6700000,0x00000083b6800000) (1024K)]
  0x000001ca68db8860 JavaThread "C2 CompilerThread2"         daemon [_thread_blocked, id=21844, stack(0x00000083b6800000,0x00000083b6900000) (1024K)]
Total: 19

Other Threads:
  0x000001ca4ffb1d40 VMThread "VM Thread"                           [id=24780, stack(0x00000083b6d00000,0x00000083b6e00000) (1024K)]
  0x000001ca500ad010 WatcherThread "VM Periodic Task Thread"        [id=7488, stack(0x00000083b6c00000,0x00000083b6d00000) (1024K)]
  0x000001ca5005e7e0 WorkerThread "GC Thread#0"                     [id=12628, stack(0x00000083b6b00000,0x00000083b6c00000) (1024K)]
  0x000001ca687846b0 WorkerThread "GC Thread#1"                     [id=24392, stack(0x00000083b7a00000,0x00000083b7b00000) (1024K)]
  0x000001ca68784a60 WorkerThread "GC Thread#2"                     [id=24600, stack(0x00000083b7b00000,0x00000083b7c00000) (1024K)]
  0x000001ca68e7eef0 WorkerThread "GC Thread#3"                     [id=6436, stack(0x00000083b7c00000,0x00000083b7d00000) (1024K)]
  0x000001ca68e7f2a0 WorkerThread "GC Thread#4"                     [id=4736, stack(0x00000083b7d00000,0x00000083b7e00000) (1024K)]
  0x000001ca68e82120 WorkerThread "GC Thread#5"                     [id=25040, stack(0x00000083b7e00000,0x00000083b7f00000) (1024K)]
  0x000001ca68e824d0 WorkerThread "GC Thread#6"                     [id=19012, stack(0x00000083b7f00000,0x00000083b8000000) (1024K)]
  0x000001ca682a3260 WorkerThread "GC Thread#7"                     [id=24748, stack(0x00000083b7900000,0x00000083b7a00000) (1024K)]
Total: 10

Threads with active compile tasks:
C2 CompilerThread0  67718 2707       4       java.io.DataInputStream::readFully (59 bytes)
C1 CompilerThread0  67718 2727   !   3       org.eclipse.osgi.internal.framework.BundleContextImpl::dispatchEvent (577 bytes)
Total: 2

VM state: synchronizing (normal execution)

VM Mutex/Monitor currently owned by a thread:  ([mutex/lock_event])
[0x00007ffb8a32e560] Threads_lock - owner thread: 0x000001ca4ffb1d40

Heap address: 0x0000000080000000, size: 2048 MB, Compressed Oops mode: 32-bit

CDS archive(s) mapped at: [0x000001ca00000000-0x000001ca00ba0000-0x000001ca00ba0000), size 12189696, SharedBaseAddress: 0x000001ca00000000, ArchiveRelocationMode: 1.
Compressed class space mapped at: 0x000001ca01000000-0x000001ca41000000, reserved size: 1073741824
Narrow klass base: 0x000001ca00000000, Narrow klass shift: 0, Narrow klass range: 0x100000000

GC Precious Log:
 CardTable entry size: 512
 CPUs: 8 total, 8 available
 Memory: 16124M
 Large Page Support: Disabled
 NUMA Support: Disabled
 Compressed Oops: Enabled (32-bit)
 Alignments: Space 512K, Generation 512K, Heap 2M
 Heap Min Capacity: 100M
 Heap Initial Capacity: 100M
 Heap Max Capacity: 2G
 Pre-touch: Disabled
 Parallel Workers: 8

Heap:
 PSYoungGen      total 29696K, used 10740K [0x00000000d5580000, 0x00000000d7680000, 0x0000000100000000)
  eden space 25600K, 25% used [0x00000000d5580000,0x00000000d5bffeb0,0x00000000d6e80000)
  from space 4096K, 99% used [0x00000000d7280000,0x00000000d767d1d8,0x00000000d7680000)
  to   space 4096K, 0% used [0x00000000d6e80000,0x00000000d6e80000,0x00000000d7280000)
 ParOldGen       total 68608K, used 7255K [0x0000000080000000, 0x0000000084300000, 0x00000000d5580000)
  object space 68608K, 10% used [0x0000000080000000,0x0000000080715f00,0x0000000084300000)
 Metaspace       used 12462K, committed 12928K, reserved 1114112K
  class space    used 1303K, committed 1472K, reserved 1048576K

Card table byte_map: [0x000001ca4f9e0000,0x000001ca4fdf0000] _byte_map_base: 0x000001ca4f5e0000

Marking Bits: (ParMarkBitMap*) 0x00007ffb8a333450
 Begin Bits: [0x000001ca624f0000, 0x000001ca644f0000)
 End Bits:   [0x000001ca644f0000, 0x000001ca664f0000)

Polling page: 0x000001ca4de30000

Metaspace:

Usage:
  Non-class:     10.90 MB used.
      Class:      1.27 MB used.
       Both:     12.17 MB used.

Virtual space:
  Non-class space:       64.00 MB reserved,      11.19 MB ( 17%) committed,  1 nodes.
      Class space:        1.00 GB reserved,       1.44 MB ( <1%) committed,  1 nodes.
             Both:        1.06 GB reserved,      12.62 MB (  1%) committed. 

Chunk freelists:
   Non-Class:  4.11 MB
       Class:  14.57 MB
        Both:  18.68 MB

MaxMetaspaceSize: unlimited
CompressedClassSpaceSize: 1.00 GB
Initial GC threshold: 21.00 MB
Current GC threshold: 21.00 MB
CDS: on
 - commit_granule_bytes: 65536.
 - commit_granule_words: 8192.
 - virtual_space_node_default_size: 8388608.
 - enlarge_chunks_in_place: 1.
 - use_allocation_guard: 0.


Internal statistics:

num_allocs_failed_limit: 0.
num_arena_births: 276.
num_arena_deaths: 0.
num_vsnodes_births: 2.
num_vsnodes_deaths: 0.
num_space_committed: 202.
num_space_uncommitted: 0.
num_chunks_returned_to_freelist: 0.
num_chunks_taken_from_freelist: 637.
num_chunk_merges: 0.
num_chunk_splits: 401.
num_chunks_enlarged: 263.
num_inconsistent_stats: 0.

CodeHeap 'non-profiled nmethods': size=120000Kb used=1246Kb max_used=1246Kb free=118753Kb
 bounds [0x000001ca5ad10000, 0x000001ca5af80000, 0x000001ca62240000]
CodeHeap 'profiled nmethods': size=120000Kb used=5437Kb max_used=5437Kb free=114562Kb
 bounds [0x000001ca53240000, 0x000001ca53790000, 0x000001ca5a770000]
CodeHeap 'non-nmethods': size=5760Kb used=1246Kb max_used=1277Kb free=4513Kb
 bounds [0x000001ca5a770000, 0x000001ca5a9e0000, 0x000001ca5ad10000]
CodeCache: size=245760Kb, used=7929Kb, max_used=7960Kb, free=237828Kb
 total_blobs=3222, nmethods=2721, adapters=407, full_count=0
Compilation: enabled, stopped_count=0, restarted_count=0

Compilation events (20 events):
Event: 56.492 Thread 0x000001ca682a2940 nmethod 2703 0x000001ca53786290 code [0x000001ca537867c0, 0x000001ca53789578]
Event: 56.492 Thread 0x000001ca682a2940 2702       3       org.eclipse.osgi.internal.loader.ModuleClassLoader::findLocalClass (9 bytes)
Event: 56.493 Thread 0x000001ca682a2940 nmethod 2702 0x000001ca5378a790 code [0x000001ca5378a940, 0x000001ca5378aaa0]
Event: 56.494 Thread 0x000001ca4ffc2a30 nmethod 2699 0x000001ca5ae40910 code [0x000001ca5ae40ae0, 0x000001ca5ae41178]
Event: 57.904 Thread 0x000001ca682a2940 2704       3       org.osgi.util.tracker.ServiceTracker::getService (33 bytes)
Event: 57.905 Thread 0x000001ca682a2940 nmethod 2704 0x000001ca5378ab90 code [0x000001ca5378ad80, 0x000001ca5378b418]
Event: 58.028 Thread 0x000001ca682a2940 2705       3       org.eclipse.equinox.launcher.Main$SplashHandler::updateSplash (32 bytes)
Event: 58.029 Thread 0x000001ca682a2940 nmethod 2705 0x000001ca5378b690 code [0x000001ca5378b900, 0x000001ca5378c190]
Event: 62.637 Thread 0x000001ca4ffc2a30 2707       4       java.io.DataInputStream::readFully (59 bytes)
Event: 63.653 Thread 0x000001ca682a2940 2709       3       java.lang.invoke.MethodHandle::asTypeUncached (54 bytes)
Event: 63.655 Thread 0x000001ca682a2940 nmethod 2709 0x000001ca5378c510 code [0x000001ca5378c7e0, 0x000001ca5378d2d8]
Event: 63.655 Thread 0x000001ca682a2940 2710       3       java.lang.invoke.MethodType::isConvertibleTo (164 bytes)
Event: 63.657 Thread 0x000001ca682a2940 nmethod 2710 0x000001ca5378d790 code [0x000001ca5378d9e0, 0x000001ca5378e2b8]
Event: 63.663 Thread 0x000001ca682a2940 2712       3       java.util.Base64$Decoder::decode (35 bytes)
Event: 63.664 Thread 0x000001ca682a2940 nmethod 2712 0x000001ca5378e590 code [0x000001ca5378e760, 0x000001ca5378ea50]
Event: 63.669 Thread 0x000001ca682a2940 2713       3       java.util.concurrent.locks.ReentrantLock::getHoldCount (8 bytes)
Event: 63.670 Thread 0x000001ca682a2940 nmethod 2713 0x000001ca5378eb90 code [0x000001ca5378ed60, 0x000001ca5378f040]
Event: 64.682 Thread 0x000001ca682a2940 2714       3       java.util.concurrent.locks.ReentrantLock$Sync::getHoldCount (16 bytes)
Event: 65.710 Thread 0x000001ca68db7ac0 2720 %     4       java.io.DataInputStream::readUTF @ 92 (501 bytes)
Event: 65.711 Thread 0x000001ca682a2940 nmethod 2714 0x000001ca5378f190 code [0x000001ca5378f340, 0x000001ca5378f5b8]

GC Heap History (8 events):
Event: 1.895 GC heap before
{Heap before GC invocations=1 (full 0):
 PSYoungGen      total 29696K, used 25600K [0x00000000d5580000, 0x00000000d7680000, 0x0000000100000000)
  eden space 25600K, 100% used [0x00000000d5580000,0x00000000d6e80000,0x00000000d6e80000)
  from space 4096K, 0% used [0x00000000d7280000,0x00000000d7280000,0x00000000d7680000)
  to   space 4096K, 0% used [0x00000000d6e80000,0x00000000d6e80000,0x00000000d7280000)
 ParOldGen       total 68608K, used 0K [0x0000000080000000, 0x0000000084300000, 0x00000000d5580000)
  object space 68608K, 0% used [0x0000000080000000,0x0000000080000000,0x0000000084300000)
 Metaspace       used 4365K, committed 4608K, reserved 1114112K
  class space    used 474K, committed 576K, reserved 1048576K
}
Event: 1.907 GC heap after
{Heap after GC invocations=1 (full 0):
 PSYoungGen      total 29696K, used 3312K [0x00000000d5580000, 0x00000000d7680000, 0x0000000100000000)
  eden space 25600K, 0% used [0x00000000d5580000,0x00000000d5580000,0x00000000d6e80000)
  from space 4096K, 80% used [0x00000000d6e80000,0x00000000d71bc148,0x00000000d7280000)
  to   space 4096K, 0% used [0x00000000d7280000,0x00000000d7280000,0x00000000d7680000)
 ParOldGen       total 68608K, used 16K [0x0000000080000000, 0x0000000084300000, 0x00000000d5580000)
  object space 68608K, 0% used [0x0000000080000000,0x0000000080004000,0x0000000084300000)
 Metaspace       used 4365K, committed 4608K, reserved 1114112K
  class space    used 474K, committed 576K, reserved 1048576K
}
Event: 23.677 GC heap before
{Heap before GC invocations=2 (full 0):
 PSYoungGen      total 29696K, used 28912K [0x00000000d5580000, 0x00000000d7680000, 0x0000000100000000)
  eden space 25600K, 100% used [0x00000000d5580000,0x00000000d6e80000,0x00000000d6e80000)
  from space 4096K, 80% used [0x00000000d6e80000,0x00000000d71bc148,0x00000000d7280000)
  to   space 4096K, 0% used [0x00000000d7280000,0x00000000d7280000,0x00000000d7680000)
 ParOldGen       total 68608K, used 16K [0x0000000080000000, 0x0000000084300000, 0x00000000d5580000)
  object space 68608K, 0% used [0x0000000080000000,0x0000000080004000,0x0000000084300000)
 Metaspace       used 8015K, committed 8256K, reserved 1114112K
  class space    used 831K, committed 960K, reserved 1048576K
}
Event: 23.691 GC heap after
{Heap after GC invocations=2 (full 0):
 PSYoungGen      total 29696K, used 4086K [0x00000000d5580000, 0x00000000d7680000, 0x0000000100000000)
  eden space 25600K, 0% used [0x00000000d5580000,0x00000000d5580000,0x00000000d6e80000)
  from space 4096K, 99% used [0x00000000d7280000,0x00000000d767d810,0x00000000d7680000)
  to   space 4096K, 0% used [0x00000000d6e80000,0x00000000d6e80000,0x00000000d7280000)
 ParOldGen       total 68608K, used 2033K [0x0000000080000000, 0x0000000084300000, 0x00000000d5580000)
  object space 68608K, 2% used [0x0000000080000000,0x00000000801fc6a8,0x0000000084300000)
 Metaspace       used 8015K, committed 8256K, reserved 1114112K
  class space    used 831K, committed 960K, reserved 1048576K
}
Event: 33.731 GC heap before
{Heap before GC invocations=3 (full 0):
 PSYoungGen      total 29696K, used 29686K [0x00000000d5580000, 0x00000000d7680000, 0x0000000100000000)
  eden space 25600K, 100% used [0x00000000d5580000,0x00000000d6e80000,0x00000000d6e80000)
  from space 4096K, 99% used [0x00000000d7280000,0x00000000d767d810,0x00000000d7680000)
  to   space 4096K, 0% used [0x00000000d6e80000,0x00000000d6e80000,0x00000000d7280000)
 ParOldGen       total 68608K, used 2033K [0x0000000080000000, 0x0000000084300000, 0x00000000d5580000)
  object space 68608K, 2% used [0x0000000080000000,0x00000000801fc6a8,0x0000000084300000)
 Metaspace       used 9556K, committed 9920K, reserved 1114112K
  class space    used 1011K, committed 1152K, reserved 1048576K
}
Event: 33.749 GC heap after
{Heap after GC invocations=3 (full 0):
 PSYoungGen      total 29696K, used 4075K [0x00000000d5580000, 0x00000000d7680000, 0x0000000100000000)
  eden space 25600K, 0% used [0x00000000d5580000,0x00000000d5580000,0x00000000d6e80000)
  from space 4096K, 99% used [0x00000000d6e80000,0x00000000d727ae98,0x00000000d7280000)
  to   space 4096K, 0% used [0x00000000d7280000,0x00000000d7280000,0x00000000d7680000)
 ParOldGen       total 68608K, used 4378K [0x0000000080000000, 0x0000000084300000, 0x00000000d5580000)
  object space 68608K, 6% used [0x0000000080000000,0x0000000080446838,0x0000000084300000)
 Metaspace       used 9556K, committed 9920K, reserved 1114112K
  class space    used 1011K, committed 1152K, reserved 1048576K
}
Event: 56.251 GC heap before
{Heap before GC invocations=4 (full 0):
 PSYoungGen      total 29696K, used 29675K [0x00000000d5580000, 0x00000000d7680000, 0x0000000100000000)
  eden space 25600K, 100% used [0x00000000d5580000,0x00000000d6e80000,0x00000000d6e80000)
  from space 4096K, 99% used [0x00000000d6e80000,0x00000000d727ae98,0x00000000d7280000)
  to   space 4096K, 0% used [0x00000000d7280000,0x00000000d7280000,0x00000000d7680000)
 ParOldGen       total 68608K, used 4378K [0x0000000080000000, 0x0000000084300000, 0x00000000d5580000)
  object space 68608K, 6% used [0x0000000080000000,0x0000000080446838,0x0000000084300000)
 Metaspace       used 11522K, committed 11840K, reserved 1114112K
  class space    used 1193K, committed 1344K, reserved 1048576K
}
Event: 56.269 GC heap after
{Heap after GC invocations=4 (full 0):
 PSYoungGen      total 29696K, used 4084K [0x00000000d5580000, 0x00000000d7680000, 0x0000000100000000)
  eden space 25600K, 0% used [0x00000000d5580000,0x00000000d5580000,0x00000000d6e80000)
  from space 4096K, 99% used [0x00000000d7280000,0x00000000d767d1d8,0x00000000d7680000)
  to   space 4096K, 0% used [0x00000000d6e80000,0x00000000d6e80000,0x00000000d7280000)
 ParOldGen       total 68608K, used 7255K [0x0000000080000000, 0x0000000084300000, 0x00000000d5580000)
  object space 68608K, 10% used [0x0000000080000000,0x0000000080715f00,0x0000000084300000)
 Metaspace       used 11522K, committed 11840K, reserved 1114112K
  class space    used 1193K, committed 1344K, reserved 1048576K
}

Dll operation events (9 events):
Event: 0.022 Loaded shared library c:\Users\hp\.windsurf\extensions\redhat.java-1.53.0-win32-x64\jre\21.0.10-win32-x86_64\bin\java.dll
Event: 0.183 Loaded shared library c:\Users\hp\.windsurf\extensions\redhat.java-1.53.0-win32-x64\jre\21.0.10-win32-x86_64\bin\zip.dll
Event: 0.233 Loaded shared library C:\Users\hp\.windsurf\extensions\redhat.java-1.53.0-win32-x64\jre\21.0.10-win32-x86_64\bin\instrument.dll
Event: 0.244 Loaded shared library C:\Users\hp\.windsurf\extensions\redhat.java-1.53.0-win32-x64\jre\21.0.10-win32-x86_64\bin\net.dll
Event: 0.249 Loaded shared library C:\Users\hp\.windsurf\extensions\redhat.java-1.53.0-win32-x64\jre\21.0.10-win32-x86_64\bin\nio.dll
Event: 0.256 Loaded shared library C:\Users\hp\.windsurf\extensions\redhat.java-1.53.0-win32-x64\jre\21.0.10-win32-x86_64\bin\zip.dll
Event: 0.300 Loaded shared library C:\Users\hp\.windsurf\extensions\redhat.java-1.53.0-win32-x64\jre\21.0.10-win32-x86_64\bin\jimage.dll
Event: 0.544 Loaded shared library c:\Users\hp\.windsurf\extensions\redhat.java-1.53.0-win32-x64\jre\21.0.10-win32-x86_64\bin\verify.dll
Event: 26.042 Loaded shared library C:\Users\hp\AppData\Roaming\Windsurf\User\globalStorage\redhat.java\1.53.0\config_win\org.eclipse.equinox.launcher\org.eclipse.equinox.launcher.win32.win32.x86_64_1.3.0.v20260203-2149\eclipse_11919.dll

Deoptimization events (20 events):
Event: 38.251 Thread 0x000001ca68824940 DEOPT PACKING pc=0x000001ca536c8dc9 sp=0x00000083b82fd2a0
Event: 38.251 Thread 0x000001ca68824940 DEOPT UNPACKING pc=0x000001ca5a7c78e2 sp=0x00000083b82fc710 mode 0
Event: 42.799 Thread 0x000001ca68824940 DEOPT PACKING pc=0x000001ca536c8dc9 sp=0x00000083b82fd460
Event: 42.799 Thread 0x000001ca68824940 DEOPT UNPACKING pc=0x000001ca5a7c78e2 sp=0x00000083b82fc8d0 mode 0
Event: 44.606 Thread 0x000001ca68824940 Uncommon trap: trap_request=0xffffff45 fr.pc=0x000001ca5ad80498 relative=0x00000000000001d8
Event: 44.606 Thread 0x000001ca68824940 Uncommon trap: reason=unstable_if action=reinterpret pc=0x000001ca5ad80498 method=java.lang.String.startsWith(Ljava/lang/String;I)Z @ 50 c2
Event: 44.606 Thread 0x000001ca68824940 DEOPT PACKING pc=0x000001ca5ad80498 sp=0x00000083b82fe3b0
Event: 44.606 Thread 0x000001ca68824940 DEOPT UNPACKING pc=0x000001ca5a7c6da2 sp=0x00000083b82fe2e0 mode 2
Event: 56.013 Thread 0x000001ca68824940 DEOPT PACKING pc=0x000001ca536c8dc9 sp=0x00000083b82fa240
Event: 56.013 Thread 0x000001ca68824940 DEOPT UNPACKING pc=0x000001ca5a7c78e2 sp=0x00000083b82f96b0 mode 0
Event: 56.058 Thread 0x000001ca68824940 Uncommon trap: trap_request=0xffffff45 fr.pc=0x000001ca5ae333d0 relative=0x0000000000000630
Event: 56.058 Thread 0x000001ca68824940 Uncommon trap: reason=unstable_if action=reinterpret pc=0x000001ca5ae333d0 method=org.eclipse.osgi.framework.util.CaseInsensitiveDictionaryMap.findCommonKeyIndex(Ljava/lang/String;)Lorg/eclipse/osgi/framework/util/CaseInsensitiveDictionaryMap$CaseInsensit
Event: 56.058 Thread 0x000001ca68824940 DEOPT PACKING pc=0x000001ca5ae333d0 sp=0x00000083b82fe430
Event: 56.058 Thread 0x000001ca68824940 DEOPT UNPACKING pc=0x000001ca5a7c6da2 sp=0x00000083b82fe3c0 mode 2
Event: 56.378 Thread 0x000001ca68824940 DEOPT PACKING pc=0x000001ca536c8dc9 sp=0x00000083b82f9860
Event: 56.378 Thread 0x000001ca68824940 DEOPT UNPACKING pc=0x000001ca5a7c78e2 sp=0x00000083b82f8cd0 mode 0
Event: 56.435 Thread 0x000001ca68824940 Uncommon trap: trap_request=0xffffff45 fr.pc=0x000001ca5adcc788 relative=0x00000000000013c8
Event: 56.435 Thread 0x000001ca68824940 Uncommon trap: reason=unstable_if action=reinterpret pc=0x000001ca5adcc788 method=java.io.WinNTFileSystem.normalize(Ljava/lang/String;II)Ljava/lang/String; @ 100 c2
Event: 56.435 Thread 0x000001ca68824940 DEOPT PACKING pc=0x000001ca5adcc788 sp=0x00000083b82f9210
Event: 56.435 Thread 0x000001ca68824940 DEOPT UNPACKING pc=0x000001ca5a7c6da2 sp=0x00000083b82f91f8 mode 2

Classes loaded (20 events):
Event: 56.348 Loading class java/util/concurrent/locks/ReentrantLock$FairSync
Event: 56.348 Loading class java/util/concurrent/locks/ReentrantLock$FairSync done
Event: 63.653 Loading class java/util/stream/ReferencePipeline$5
Event: 63.653 Loading class java/util/stream/LongPipeline$StatelessOp
Event: 63.654 Loading class java/util/stream/LongPipeline
Event: 63.654 Loading class java/util/stream/LongStream
Event: 63.655 Loading class java/util/stream/LongStream done
Event: 63.655 Loading class java/util/stream/LongPipeline done
Event: 63.656 Loading class java/util/stream/LongPipeline$StatelessOp done
Event: 63.656 Loading class java/util/stream/ReferencePipeline$5 done
Event: 63.656 Loading class java/util/function/LongBinaryOperator
Event: 63.656 Loading class java/util/function/LongBinaryOperator done
Event: 63.658 Loading class java/util/stream/ReduceOps$10
Event: 63.658 Loading class java/util/stream/ReduceOps$10 done
Event: 63.658 Loading class java/util/stream/ReduceOps$8ReducingSink
Event: 63.659 Loading class java/util/stream/Sink$OfLong
Event: 63.659 Loading class java/util/stream/Sink$OfLong done
Event: 63.659 Loading class java/util/stream/ReduceOps$8ReducingSink done
Event: 63.659 Loading class java/util/stream/ReferencePipeline$5$1
Event: 63.659 Loading class java/util/stream/ReferencePipeline$5$1 done

Classes unloaded (0 events):
No events

Classes redefined (0 events):
No events

Internal exceptions (20 events):
Event: 2.055 Thread 0x000001ca500403f0 Implicit null exception at 0x000001ca5ad7191a to 0x000001ca5ad71b20
Event: 2.056 Thread 0x000001ca500403f0 Exception <a 'java/lang/NoSuchMethodError'{0x00000000d56eda10}: 'void java.lang.invoke.DirectMethodHandle$Holder.invokeStatic(java.lang.Object, java.lang.Object, java.lang.Object, java.lang.Object)'> (0x00000000d56eda10) 
thrown [s\src\hotspot\share\interpreter\linkResolver.cpp, line 773]
Event: 2.314 Thread 0x000001ca500403f0 Exception <a 'java/lang/NoSuchMethodError'{0x00000000d59d81e8}: 'void java.lang.invoke.DirectMethodHandle$Holder.invokeSpecial(java.lang.Object, java.lang.Object, java.lang.Object)'> (0x00000000d59d81e8) 
thrown [s\src\hotspot\share\interpreter\linkResolver.cpp, line 773]
Event: 2.838 Thread 0x000001ca500403f0 Exception <a 'java/lang/NoSuchMethodError'{0x00000000d644d620}: 'int java.lang.invoke.DirectMethodHandle$Holder.invokeVirtual(java.lang.Object, java.lang.Object)'> (0x00000000d644d620) 
thrown [s\src\hotspot\share\interpreter\linkResolver.cpp, line 773]
Event: 3.345 Thread 0x000001ca500403f0 Exception <a 'java/lang/NoSuchMethodError'{0x00000000d65c4c60}: 'int java.lang.invoke.DirectMethodHandle$Holder.invokeStaticInit(java.lang.Object, java.lang.Object, java.lang.Object, java.lang.Object)'> (0x00000000d65c4c60) 
thrown [s\src\hotspot\share\interpreter\linkResolver.cpp, line 773]
Event: 3.350 Thread 0x000001ca500403f0 Exception <a 'java/lang/IncompatibleClassChangeError'{0x00000000d65cd068}: Found class java.lang.Object, but interface was expected> (0x00000000d65cd068) 
thrown [s\src\hotspot\share\interpreter\linkResolver.cpp, line 840]
Event: 3.368 Thread 0x000001ca500403f0 Exception <a 'java/lang/NoSuchMethodError'{0x00000000d65d3618}: 'void java.lang.invoke.DirectMethodHandle$Holder.invokeStaticInit(java.lang.Object, java.lang.Object)'> (0x00000000d65d3618) 
thrown [s\src\hotspot\share\interpreter\linkResolver.cpp, line 773]
Event: 3.394 Thread 0x000001ca500403f0 Exception <a 'java/lang/NoSuchMethodError'{0x00000000d65dc7d0}: 'int java.lang.invoke.DirectMethodHandle$Holder.invokeStaticInit(java.lang.Object, java.lang.Object)'> (0x00000000d65dc7d0) 
thrown [s\src\hotspot\share\interpreter\linkResolver.cpp, line 773]
Event: 3.605 Thread 0x000001ca500403f0 Exception <a 'java/lang/NoSuchMethodError'{0x00000000d6823800}: 'java.lang.Object java.lang.invoke.DirectMethodHandle$Holder.newInvokeSpecial(java.lang.Object, int, java.lang.Object)'> (0x00000000d6823800) 
thrown [s\src\hotspot\share\interpreter\linkResolver.cpp, line 773]
Event: 3.784 Thread 0x000001ca500403f0 Exception <a 'java/lang/ClassNotFoundException'{0x00000000d6a3c1b0}: sun/net/www/protocol/plurl/Handler> (0x00000000d6a3c1b0) 
thrown [s\src\hotspot\share\classfile\systemDictionary.cpp, line 312]
Event: 3.784 Thread 0x000001ca500403f0 Exception <a 'java/lang/ClassNotFoundException'{0x00000000d6a3d030}: sun/net/www/protocol/plurl/Handler> (0x00000000d6a3d030) 
thrown [s\src\hotspot\share\classfile\systemDictionary.cpp, line 312]
Event: 25.630 Thread 0x000001ca500403f0 Exception <a 'java/lang/UnsatisfiedLinkError'{0x00000000d55d9240}: 'void org.eclipse.equinox.launcher.JNIBridge._update_splash()'> (0x00000000d55d9240) 
thrown [s\src\hotspot\share\prims\nativeLookup.cpp, line 415]
Event: 25.717 Thread 0x000001ca68823590 Exception <a 'java/lang/NoSuchMethodError'{0x00000000d586b200}: 'void java.lang.invoke.DirectMethodHandle$Holder.invokeInterface(java.lang.Object, java.lang.Object, java.lang.Object)'> (0x00000000d586b200) 
thrown [s\src\hotspot\share\interpreter\linkResolver.cpp, line 773]
Event: 26.412 Thread 0x000001ca68824940 Exception <a 'java/lang/NoSuchMethodError'{0x00000000d5c538e0}: 'java.lang.Object java.lang.invoke.DirectMethodHandle$Holder.newInvokeSpecial(java.lang.Object, java.lang.Object, int, java.lang.Object)'> (0x00000000d5c538e0) 
thrown [s\src\hotspot\share\interpreter\linkResolver.cpp, line 773]
Event: 26.416 Thread 0x000001ca68824940 Exception <a 'java/lang/NoSuchMethodError'{0x00000000d5c57710}: 'java.lang.Object java.lang.invoke.DirectMethodHandle$Holder.invokeSpecial(java.lang.Object, java.lang.Object, java.lang.Object, int, java.lang.Object)'> (0x00000000d5c57710) 
thrown [s\src\hotspot\share\interpreter\linkResolver.cpp, line 773]
Event: 26.478 Thread 0x000001ca68824940 Exception <a 'java/lang/NoClassDefFoundError'{0x00000000d5cfe798}: jakarta/servlet/ServletContainerInitializer> (0x00000000d5cfe798) 
thrown [s\src\hotspot\share\classfile\systemDictionary.cpp, line 301]
Event: 26.626 Thread 0x000001ca68824940 Exception <a 'java/lang/ClassNotFoundException'{0x00000000d5e5a7c8}: sun/util/logging/resources/spi/loggingProvider> (0x00000000d5e5a7c8) 
thrown [s\src\hotspot\share\classfile\systemDictionary.cpp, line 312]
Event: 56.116 Thread 0x000001ca68824940 Exception <a 'java/lang/NullPointerException'{0x00000000d6a18458}> (0x00000000d6a18458) 
thrown [s\src\hotspot\share\interpreter\linkResolver.cpp, line 1372]
Event: 56.116 Thread 0x000001ca68824940 Exception <a 'java/lang/NullPointerException'{0x00000000d6a18738}> (0x00000000d6a18738) 
thrown [s\src\hotspot\share\interpreter\linkResolver.cpp, line 1372]
Event: 62.641 Thread 0x000001ca68824940 Exception <a 'java/lang/NoSuchMethodError'{0x00000000d5b03468}: 'long java.lang.invoke.DirectMethodHandle$Holder.invokeSpecial(java.lang.Object, java.lang.Object)'> (0x00000000d5b03468) 
thrown [s\src\hotspot\share\interpreter\linkResolver.cpp, line 773]

ZGC Phase Switch (0 events):
No events

VM Operations (20 events):
Event: 56.031 Executing safepoint VM operation: Cleanup
Event: 56.031 Executing safepoint VM operation: Cleanup done
Event: 56.251 Executing safepoint VM operation: ParallelGCFailedAllocation (Allocation Failure)
Event: 56.269 Executing safepoint VM operation: ParallelGCFailedAllocation (Allocation Failure) done
Event: 56.349 Executing non-safepoint VM operation: HandshakeAllThreads (Deoptimize)
Event: 56.349 Executing non-safepoint VM operation: HandshakeAllThreads (Deoptimize) done
Event: 57.357 Executing safepoint VM operation: Cleanup
Event: 57.357 Executing safepoint VM operation: Cleanup done
Event: 60.129 Executing non-safepoint VM operation: HandshakeAllThreads (HandshakeForDeflation)
Event: 60.129 Executing non-safepoint VM operation: HandshakeAllThreads (HandshakeForDeflation) done
Event: 60.129 Executing non-safepoint VM operation: RendezvousGCThreads
Event: 60.129 Executing non-safepoint VM operation: RendezvousGCThreads done
Event: 61.130 Executing safepoint VM operation: Cleanup
Event: 61.130 Executing safepoint VM operation: Cleanup done
Event: 62.141 Executing safepoint VM operation: Cleanup
Event: 62.141 Executing safepoint VM operation: Cleanup done
Event: 63.153 Executing safepoint VM operation: Cleanup
Event: 63.154 Executing safepoint VM operation: Cleanup done
Event: 64.165 Executing safepoint VM operation: Cleanup
Event: 64.697 Executing safepoint VM operation: Cleanup done

Memory protections (0 events):
No events

Nmethod flushes (0 events):
No events

Events (20 events):
Event: 2.437 Thread 0x000001ca682a2940 Thread added: 0x000001ca68dea530
Event: 2.438 Thread 0x000001ca682a2940 Thread added: 0x000001ca68de9790
Event: 2.964 Thread 0x000001ca68de9790 Thread exited: 0x000001ca68de9790
Event: 2.964 Thread 0x000001ca68dea530 Thread exited: 0x000001ca68dea530
Event: 3.440 Thread 0x000001ca500403f0 Thread added: 0x000001ca68826380
Event: 25.625 Thread 0x000001ca500403f0 Thread added: 0x000001ca68823590
Event: 25.725 Thread 0x000001ca68823590 Thread added: 0x000001ca68823c20
Event: 26.060 Thread 0x000001ca500403f0 Thread added: 0x000001ca68824940
Event: 26.854 Thread 0x000001ca682a2940 Thread added: 0x000001ca684d63c0
Event: 26.854 Thread 0x000001ca682a2940 Thread added: 0x000001ca684d41b0
Event: 28.001 Thread 0x000001ca684d41b0 Thread exited: 0x000001ca684d41b0
Event: 28.001 Thread 0x000001ca684d63c0 Thread exited: 0x000001ca684d63c0
Event: 33.505 Thread 0x000001ca682a2940 Thread added: 0x000001ca684d63c0
Event: 33.579 Thread 0x000001ca682a2940 Thread added: 0x000001ca684d6a90
Event: 34.225 Thread 0x000001ca68824940 Thread added: 0x000001ca688242b0
Event: 34.789 Thread 0x000001ca684d6a90 Thread exited: 0x000001ca684d6a90
Event: 34.789 Thread 0x000001ca684d63c0 Thread exited: 0x000001ca684d63c0
Event: 56.315 Thread 0x000001ca68824940 Thread added: 0x000001ca68825cf0
Event: 63.670 Thread 0x000001ca682a2940 Thread added: 0x000001ca68db7ac0
Event: 65.711 Thread 0x000001ca682a2940 Thread added: 0x000001ca68db8860


Dynamic libraries:
0x00007ff6101b0000 - 0x00007ff6101be000 	c:\Users\hp\.windsurf\extensions\redhat.java-1.53.0-win32-x64\jre\21.0.10-win32-x86_64\bin\java.exe
0x00007ffc8d380000 - 0x00007ffc8d5e7000 	C:\WINDOWS\SYSTEM32\ntdll.dll
0x00007ffc8b840000 - 0x00007ffc8b909000 	C:\WINDOWS\System32\KERNEL32.DLL
0x00007ffc8ac20000 - 0x00007ffc8b014000 	C:\WINDOWS\System32\KERNELBASE.dll
0x00007ffc89d80000 - 0x00007ffc89ecb000 	C:\WINDOWS\System32\ucrtbase.dll
0x00007ffc4fc30000 - 0x00007ffc4fc48000 	c:\Users\hp\.windsurf\extensions\redhat.java-1.53.0-win32-x64\jre\21.0.10-win32-x86_64\bin\jli.dll
0x00007ffc505f0000 - 0x00007ffc5060e000 	c:\Users\hp\.windsurf\extensions\redhat.java-1.53.0-win32-x64\jre\21.0.10-win32-x86_64\bin\VCRUNTIME140.dll
0x00007ffc8c060000 - 0x00007ffc8c225000 	C:\WINDOWS\System32\USER32.dll
0x00007ffc68d20000 - 0x00007ffc68fb3000 	C:\WINDOWS\WinSxS\amd64_microsoft.windows.common-controls_6595b64144ccf1df_6.0.26100.8115_none_3e075c82e3354f9c\COMCTL32.dll
0x00007ffc8ba30000 - 0x00007ffc8bad9000 	C:\WINDOWS\System32\msvcrt.dll
0x00007ffc8b3e0000 - 0x00007ffc8b40b000 	C:\WINDOWS\System32\GDI32.dll
0x00007ffc89c50000 - 0x00007ffc89d7a000 	C:\WINDOWS\System32\gdi32full.dll
0x00007ffc8a300000 - 0x00007ffc8a3a3000 	C:\WINDOWS\System32\msvcp_win.dll
0x00007ffc8b020000 - 0x00007ffc8b047000 	C:\WINDOWS\System32\win32u.dll
0x00007ffc8b2a0000 - 0x00007ffc8b2d2000 	C:\WINDOWS\System32\IMM32.DLL
0x00007ffc691c0000 - 0x00007ffc691cc000 	c:\Users\hp\.windsurf\extensions\redhat.java-1.53.0-win32-x64\jre\21.0.10-win32-x86_64\bin\vcruntime140_1.dll
0x00007ffbdb490000 - 0x00007ffbdb51d000 	c:\Users\hp\.windsurf\extensions\redhat.java-1.53.0-win32-x64\jre\21.0.10-win32-x86_64\bin\msvcp140.dll
0x00007ffb89670000 - 0x00007ffb8a411000 	c:\Users\hp\.windsurf\extensions\redhat.java-1.53.0-win32-x64\jre\21.0.10-win32-x86_64\bin\server\jvm.dll
0x00007ffc8b110000 - 0x00007ffc8b1c6000 	C:\WINDOWS\System32\ADVAPI32.dll
0x00007ffc8b520000 - 0x00007ffc8b5c7000 	C:\WINDOWS\System32\sechost.dll
0x00007ffc8b910000 - 0x00007ffc8ba28000 	C:\WINDOWS\System32\RPCRT4.dll
0x00007ffc8b410000 - 0x00007ffc8b490000 	C:\WINDOWS\System32\WS2_32.dll
0x00007ffc89ab0000 - 0x00007ffc89b0e000 	C:\WINDOWS\SYSTEM32\POWRPROF.dll
0x00007ffc806f0000 - 0x00007ffc80726000 	C:\WINDOWS\SYSTEM32\WINMM.dll
0x00007ffc7cf90000 - 0x00007ffc7cf9b000 	C:\WINDOWS\SYSTEM32\VERSION.dll
0x00007ffc89a90000 - 0x00007ffc89aa4000 	C:\WINDOWS\SYSTEM32\UMPDC.dll
0x00007ffc889a0000 - 0x00007ffc889bb000 	C:\WINDOWS\SYSTEM32\kernel.appcore.dll
0x00007ffc5fd80000 - 0x00007ffc5fd8a000 	c:\Users\hp\.windsurf\extensions\redhat.java-1.53.0-win32-x64\jre\21.0.10-win32-x86_64\bin\jimage.dll
0x00007ffc87a20000 - 0x00007ffc87c62000 	C:\WINDOWS\SYSTEM32\DBGHELP.DLL
0x00007ffc8bae0000 - 0x00007ffc8be62000 	C:\WINDOWS\System32\combase.dll
0x00007ffc8b760000 - 0x00007ffc8b837000 	C:\WINDOWS\System32\OLEAUT32.dll
0x00007ffc66530000 - 0x00007ffc6656b000 	C:\WINDOWS\SYSTEM32\dbgcore.DLL
0x00007ffc89ed0000 - 0x00007ffc89f75000 	C:\WINDOWS\System32\bcryptPrimitives.dll
0x00007ffc5ec90000 - 0x00007ffc5ec9f000 	c:\Users\hp\.windsurf\extensions\redhat.java-1.53.0-win32-x64\jre\21.0.10-win32-x86_64\bin\instrument.dll
0x00007ffc514b0000 - 0x00007ffc514d0000 	c:\Users\hp\.windsurf\extensions\redhat.java-1.53.0-win32-x64\jre\21.0.10-win32-x86_64\bin\java.dll
0x00007ffc8c230000 - 0x00007ffc8c996000 	C:\WINDOWS\System32\SHELL32.dll
0x00007ffc8a190000 - 0x00007ffc8a2fa000 	C:\WINDOWS\System32\wintypes.dll
0x00007ffc8a3b0000 - 0x00007ffc8ac15000 	C:\WINDOWS\System32\windows.storage.dll
0x00007ffc8d240000 - 0x00007ffc8d337000 	C:\WINDOWS\System32\SHCORE.dll
0x00007ffc8b230000 - 0x00007ffc8b296000 	C:\WINDOWS\System32\shlwapi.dll
0x00007ffc89b70000 - 0x00007ffc89b99000 	C:\WINDOWS\SYSTEM32\profapi.dll
0x00007ffc42bc0000 - 0x00007ffc42bd8000 	c:\Users\hp\.windsurf\extensions\redhat.java-1.53.0-win32-x64\jre\21.0.10-win32-x86_64\bin\zip.dll
0x00007ffc5ee90000 - 0x00007ffc5eea0000 	C:\Users\hp\.windsurf\extensions\redhat.java-1.53.0-win32-x64\jre\21.0.10-win32-x86_64\bin\net.dll
0x00007ffc80320000 - 0x00007ffc8044d000 	C:\WINDOWS\SYSTEM32\WINHTTP.dll
0x00007ffc88ef0000 - 0x00007ffc88f5c000 	C:\WINDOWS\system32\mswsock.dll
0x00007ffc1f620000 - 0x00007ffc1f636000 	C:\Users\hp\.windsurf\extensions\redhat.java-1.53.0-win32-x64\jre\21.0.10-win32-x86_64\bin\nio.dll
0x00007ffc54f10000 - 0x00007ffc54f20000 	c:\Users\hp\.windsurf\extensions\redhat.java-1.53.0-win32-x64\jre\21.0.10-win32-x86_64\bin\verify.dll
0x00007ffc42c00000 - 0x00007ffc42c45000 	C:\Users\hp\AppData\Roaming\Windsurf\User\globalStorage\redhat.java\1.53.0\config_win\org.eclipse.equinox.launcher\org.eclipse.equinox.launcher.win32.win32.x86_64_1.3.0.v20260203-2149\eclipse_11919.dll
0x00007ffc8c9b0000 - 0x00007ffc8cb47000 	C:\WINDOWS\System32\ole32.dll

JVMTI agents:
c:\Users\hp\.windsurf\extensions\redhat.java-1.53.0-win32-x64\lombok\lombok-1.18.39-4050.jar path:c:\Users\hp\.windsurf\extensions\redhat.java-1.53.0-win32-x64\jre\21.0.10-win32-x86_64\bin\instrument.dll, loaded, initialized, instrumentlib options:none

dbghelp: loaded successfully - version: 4.0.5 - missing functions: none
symbol engine: initialized successfully - sym options: 0x614 - pdb path: .;c:\Users\hp\.windsurf\extensions\redhat.java-1.53.0-win32-x64\jre\21.0.10-win32-x86_64\bin;C:\WINDOWS\SYSTEM32;C:\WINDOWS\WinSxS\amd64_microsoft.windows.common-controls_6595b64144ccf1df_6.0.26100.8115_none_3e075c82e3354f9c;c:\Users\hp\.windsurf\extensions\redhat.java-1.53.0-win32-x64\jre\21.0.10-win32-x86_64\bin\server;C:\Users\hp\AppData\Roaming\Windsurf\User\globalStorage\redhat.java\1.53.0\config_win\org.eclipse.equinox.launcher\org.eclipse.equinox.launcher.win32.win32.x86_64_1.3.0.v20260203-2149

VM Arguments:
jvm_args: --add-modules=ALL-SYSTEM --add-opens=java.base/java.util=ALL-UNNAMED --add-opens=java.base/java.lang=ALL-UNNAMED --add-opens=java.base/sun.nio.fs=ALL-UNNAMED -Declipse.application=org.eclipse.jdt.ls.core.id1 -Dosgi.bundles.defaultStartLevel=4 -Declipse.product=org.eclipse.jdt.ls.core.product -Djava.import.generatesMetadataFilesAtProjectRoot=false -DDetectVMInstallationsJob.disabled=true -Dfile.encoding=utf8 -XX:+UseParallelGC -XX:GCTimeRatio=4 -XX:AdaptiveSizePolicyWeight=90 -Dsun.zip.disableMemoryMapping=true -Xmx2G -Xms100m -Xlog:disable -javaagent:c:\Users\hp\.windsurf\extensions\redhat.java-1.53.0-win32-x64\lombok\lombok-1.18.39-4050.jar -XX:+HeapDumpOnOutOfMemoryError -XX:HeapDumpPath=c:\Users\hp\AppData\Roaming\Windsurf\User\workspaceStorage\196111a345860ccee2e9f95de4c2a9fc\redhat.java -Daether.dependencyCollector.impl=bf 
java_command: c:\Users\hp\.windsurf\extensions\redhat.java-1.53.0-win32-x64\server\plugins\org.eclipse.equinox.launcher_1.7.100.v20251111-0406.jar -configuration c:\Users\hp\AppData\Roaming\Windsurf\User\globalStorage\redhat.java\1.53.0\config_win -data c:\Users\hp\AppData\Roaming\Windsurf\User\workspaceStorage\196111a345860ccee2e9f95de4c2a9fc\redhat.java\jdt_ws --pipe=\\.\pipe\lsp-2b9ab1643ec7d6b6c57f55e05dbab8a3-sock
java_class_path (initial): c:\Users\hp\.windsurf\extensions\redhat.java-1.53.0-win32-x64\server\plugins\org.eclipse.equinox.launcher_1.7.100.v20251111-0406.jar
Launcher Type: SUN_STANDARD

[Global flags]
    uintx AdaptiveSizePolicyWeight                 = 90                                        {product} {command line}
     intx CICompilerCount                          = 4                                         {product} {ergonomic}
    uintx GCTimeRatio                              = 4                                         {product} {command line}
     bool HeapDumpOnOutOfMemoryError               = true                                   {manageable} {command line}
    ccstr HeapDumpPath                             = c:\Users\hp\AppData\Roaming\Windsurf\User\workspaceStorage\196111a345860ccee2e9f95de4c2a9fc\redhat.java         {manageable} {command line}
   size_t InitialHeapSize                          = 104857600                                 {product} {command line}
   size_t MaxHeapSize                              = 2147483648                                {product} {command line}
   size_t MaxNewSize                               = 715653120                                 {product} {ergonomic}
   size_t MinHeapDeltaBytes                        = 524288                                    {product} {ergonomic}
   size_t MinHeapSize                              = 104857600                                 {product} {command line}
   size_t NewSize                                  = 34603008                                  {product} {ergonomic}
    uintx NonNMethodCodeHeapSize                   = 5839372                                {pd product} {ergonomic}
    uintx NonProfiledCodeHeapSize                  = 122909434                              {pd product} {ergonomic}
   size_t OldSize                                  = 70254592                                  {product} {ergonomic}
    uintx ProfiledCodeHeapSize                     = 122909434                              {pd product} {ergonomic}
    uintx ReservedCodeCacheSize                    = 251658240                              {pd product} {ergonomic}
     bool SegmentedCodeCache                       = true                                      {product} {ergonomic}
   size_t SoftMaxHeapSize                          = 2147483648                             {manageable} {ergonomic}
     bool UseCompressedOops                        = true                           {product lp64_product} {ergonomic}
     bool UseLargePagesIndividualAllocation        = false                                  {pd product} {ergonomic}
     bool UseParallelGC                            = true                                      {product} {command line}

Logging:
Log output configuration:
 #0: stdout all=off uptime,level,tags foldmultilines=false
 #1: stderr all=off uptime,level,tags foldmultilines=false

Release file:
JAVA_VERSION="21.0.10" 
MODULES="java.base java.compiler java.datatransfer java.xml java.prefs java.desktop java.instrument java.logging java.management java.security.sasl java.naming java.rmi java.management.rmi java.net.http java.scripting java.security.jgss java.transaction.xa java.sql java.sql.rowset java.xml.crypto java.se java.smartcardio jdk.accessibility jdk.internal.jvmstat jdk.attach jdk.charsets jdk.internal.opt jdk.zipfs jdk.compiler jdk.crypto.ec jdk.crypto.cryptoki jdk.crypto.mscapi jdk.dynalink jdk.internal.ed jdk.editpad jdk.hotspot.agent jdk.httpserver jdk.internal.le jdk.internal.vm.ci jdk.internal.vm.compiler jdk.internal.vm.compiler.management jdk.jartool jdk.javadoc jdk.jcmd jdk.management jdk.management.agent jdk.jconsole jdk.jdeps jdk.jdwp.agent jdk.jdi jdk.jfr jdk.jshell jdk.jsobject jdk.jstatd jdk.localedata jdk.management.jfr jdk.naming.dns jdk.naming.rmi jdk.net jdk.nio.mapmode jdk.random jdk.sctp jdk.security.auth jdk.security.jgss jdk.unsupported jdk.unsupported.desktop jdk.xml.dom" 

Environment Variables:
JAVA_HOME=C:\Program Files\Java\jdk-17
PATH=C:\Python314\Scripts\;C:\Python314\;C:\Program Files\Java\jdk-17\bin;C:\Python313\Scripts\;C:\Python313\;C:\oraclexe\app\oracle\product\10.2.0\server\bin;C:\WINDOWS\system32;C:\WINDOWS;C:\WINDOWS\System32\Wbem;C:\WINDOWS\System32\WindowsPowerShell\v1.0\;C:\WINDOWS\System32\OpenSSH\;C:\msys64\ucrt64\bin;C:\Program Files\MySQL\MySQL Server 8.0\bin;C:\Program Files (x86)\Microsoft SQL Server\160\Tools\Binn\;C:\Program Files\Microsoft SQL Server\160\Tools\Binn\;C:\Program Files\Microsoft SQL Server\Client SDK\ODBC\170\Tools\Binn\;C:\Program Files\Microsoft SQL Server\160\DTS\Binn\;C:\Program Files (x86)\Microsoft SQL Server\160\DTS\Binn\;C:\ProgramData\chocolatey\bin;C:\Program Files\dotnet\;C:\Program Files\php-8.4.3;C:\Program Files\Microsoft SQL Server\150\Tools\Binn\;C:\Program Files\MongoDB\Server\8.0\bin;C:\xampp\php;C:\Program Files\Git\cmd;C:\Users\hp\AppData\Local\Android\Sdk\platform-tools;C:\Users\hp\AppData\Local\Android\Sdk\platform-tools;C:\Program Files\nodejs\;C:\Program Files\Apache\maven\apache-maven-3.9.11\bin;C:\Program Files\Apache\maven\apache-maven-3.9.11\bin;C:\Program Files\PostgreSQL\18\bin;C:\Program Files\PowerShell\7\;C:\Users\hp\AppData\Local\Programs\Eclipse Adoptium\jdk-17.0.17.10-hotspot\bin;C:\Program Files\Eclipse Adoptium\jdk-25.0.1.8-hotspot\bin;C:\Program Files\Eclipse Adoptium\jdk-25.0.1.8-hotspot\bin;C:\Python313\Scripts\;C:\Python313\;C:\oraclexe\app\oracle\product\10.2.0\server\bin;C:\Program Files\Common Files\Oracle\Java\javapath;C:\WINDOWS\system32;C:\WINDOWS;C:\WINDOWS\System32\Wbem;C:\WINDOWS\System32\WindowsPowerShell\v1.0\;C:\WINDOWS\System32\OpenSSH\;C:\Program Files\Java\jdk-22\bin;C:\Program Files\Java\jdk-21\bin;C:\Program Files\Java\jdk-17\bin;C:\msys64\ucrt64\bin;C:\Program Files\MySQL\MySQL Server 8.0\bin;C:\Program Files (x86)\Microsoft SQL Server\160\Tools\Binn\;C:\Program Files\Microsoft SQL Server\160\Tools\Binn\;C:\Program Files\Microsoft SQL Server\Client SDK\ODBC\170\Tools\Binn\;C:\Program Files\Microsoft SQL Server\160\DTS\Binn\;C:\Program Files (x86)\Microsoft SQL Server\160\DTS\Binn\;C:\ProgramData\chocolatey\bin;C:\Program Files\dotnet\;C:\Program Files\php-8.4.3;C:\Program Files\nodejs\;C:\Program Files\Microsoft SQL Server\150\Tools\Binn\;C:\Program Files\Mongo;C:\Users\hp\AppData\Roaming\npm;C:\Users\hp\AppData\Local\Programs\Microsoft VS Code\bin;C:\Users\hp\AppData\Local\Programs\Windsurf\bin;C:\dev\flutter\bin;C:\Users\hp\AppData\Local\GitHubDesktop\bin
USERNAME=hp
OS=Windows_NT
PROCESSOR_IDENTIFIER=Intel64 Family 6 Model 140 Stepping 1, GenuineIntel
TMP=C:\Users\hp\AppData\Local\Temp
TEMP=C:\Users\hp\AppData\Local\Temp




Periodic native trim disabled

---------------  S Y S T E M  ---------------

OS:
 Windows 11 , 64 bit Build 26100 (10.0.26100.8115)
OS uptime: 0 days 4:29 hours
Hyper-V role detected

CPU: total 8 (initial active 8) (4 cores per cpu, 2 threads per core) family 6 model 140 stepping 1 microcode 0xac, cx8, cmov, fxsr, ht, mmx, 3dnowpref, sse, sse2, sse3, ssse3, sse4.1, sse4.2, popcnt, lzcnt, tsc, tscinvbit, avx, avx2, aes, erms, clmul, bmi1, bmi2, adx, avx512f, avx512dq, avx512cd, avx512bw, avx512vl, sha, fma, vzeroupper, avx512_vpopcntdq, avx512_vpclmulqdq, avx512_vaes, avx512_vnni, clflush, clflushopt, clwb, avx512_vbmi2, avx512_vbmi, hv, rdtscp, rdpid, fsrm, gfni, avx512_bitalg, f16c, cet_ibt, cet_ss, avx512_ifma
Processor Information for processor 0
  Max Mhz: 2419, Current Mhz: 1007, Mhz Limit: 2419
Processor Information for processor 1
  Max Mhz: 2419, Current Mhz: 1007, Mhz Limit: 2419
Processor Information for processor 2
  Max Mhz: 2419, Current Mhz: 1007, Mhz Limit: 2419
Processor Information for processor 3
  Max Mhz: 2419, Current Mhz: 2419, Mhz Limit: 2419
Processor Information for processor 4
  Max Mhz: 2419, Current Mhz: 1007, Mhz Limit: 2419
Processor Information for processor 5
  Max Mhz: 2419, Current Mhz: 2419, Mhz Limit: 2419
Processor Information for processor 6
  Max Mhz: 2419, Current Mhz: 1007, Mhz Limit: 2419
Processor Information for processor 7
  Max Mhz: 2419, Current Mhz: 2419, Mhz Limit: 2419

Memory: 4k page, system-wide physical 16124M (1179M free)
TotalPageFile size 28124M (AvailPageFile size 262M)
current process WorkingSet (physical memory assigned to process): 114M, peak: 114M
current process commit charge ("private bytes"): 254M, peak: 254M

vm_info: OpenJDK 64-Bit Server VM (21.0.10+7-LTS) for windows-amd64 JRE (21.0.10+7-LTS), built on 2026-01-20T00:00:00Z by "admin" with MS VC++ 17.12 (VS2022)

END.
